<?xml version="1.0" encoding="UTF-8"?>
<!-- Generated by org.testng.reporters.JUnitReportReporter -->
<testsuite hostname="VAISEKAR-M-W8MH" failures="0" tests="5" name="com.simplilearn.capstone_for_postman.verify_post_get_put_del" time="8.197" errors="0" timestamp="2023-05-22T15:52:16 IST" skipped="0">
  <testcase classname="com.simplilearn.capstone_for_postman.verify_post_get_put_del" name="createResource" time="2.754"/>
  <system-out/>
  <testcase classname="com.simplilearn.capstone_for_postman.verify_post_get_put_del" name="getResourceInfo" time="1.365"/>
  <system-out/>
  <testcase classname="com.simplilearn.capstone_for_postman.verify_post_get_put_del" name="updateResource" time="1.331"/>
  <system-out/>
  <testcase classname="com.simplilearn.capstone_for_postman.verify_post_get_put_del" name="verifyResourceUpdated" time="1.405"/>
  <system-out/>
  <testcase classname="com.simplilearn.capstone_for_postman.verify_post_get_put_del" name="deleteResource" time="1.342"/>
  <system-out/>
</testsuite> <!-- com.simplilearn.capstone_for_postman.verify_post_get_put_del -->
