<?xml version="1.0" encoding="UTF-8"?>
<!-- Generated by org.testng.reporters.JUnitReportReporter -->
<testsuite hostname="VAISEKAR-M-W8MH" failures="0" tests="1" name="com.simplilearn.capstone_for_postman.getDemo$GETDEMO" time="2.695" errors="0" timestamp="2023-05-22T15:20:58 IST" skipped="0">
  <testcase classname="com.simplilearn.capstone_for_postman.getDemo$GETDEMO" name="getResourceInfo" time="2.695"/>
  <system-out/>
</testsuite> <!-- com.simplilearn.capstone_for_postman.getDemo$GETDEMO -->
