<?xml version="1.0" encoding="UTF-8"?>
<!-- Generated by org.testng.reporters.JUnitReportReporter -->
<testsuite hostname="VAISEKAR-M-W8MH" failures="0" tests="1" name="com.simplilearn.capstone_for_postman.putDemo" time="2.497" errors="0" timestamp="2023-05-22T15:26:17 IST" skipped="0">
  <testcase classname="com.simplilearn.capstone_for_postman.putDemo" name="createResource" time="2.497"/>
  <system-out/>
</testsuite> <!-- com.simplilearn.capstone_for_postman.putDemo -->
