<?xml version="1.0" encoding="UTF-8"?>
<!-- Generated by org.testng.reporters.JUnitReportReporter -->
<testsuite hostname="VAISEKAR-M-W8MH" failures="0" tests="3" name="com.cisco.SeleniumPro.MultipleValidation" time="0.169" errors="0" timestamp="2023-03-09T17:20:53 IST" skipped="0">
  <testcase classname="com.cisco.SeleniumPro.MultipleValidation" name="verifyTitle" time="0.104"/>
  <system-out/>
  <testcase classname="com.cisco.SeleniumPro.MultipleValidation" name="verifyText" time="0.034"/>
  <system-out/>
  <testcase classname="com.cisco.SeleniumPro.MultipleValidation" name="verifyLoginBtnIsBlue" time="0.031"/>
  <system-out/>
</testsuite> <!-- com.cisco.SeleniumPro.MultipleValidation -->
